C51 COMPILER V9.60.0.0   PCF8576C                                                          06/22/2022 17:23:22 PAGE 1   


C51 COMPILER V9.60.0.0, COMPILATION OF MODULE PCF8576C
OBJECT MODULE PLACED IN .\Objects\pcf8576c.obj
COMPILER INVOKED BY: D:\Keil_v5_c51\C51\BIN\C51.EXE Bsp\pcf8576c\pcf8576c.c OPTIMIZE(8,SPEED) BROWSE INCDIR(.\Bsp;.\App\
                    -rtc;.\Bsp\tm1650;.\Bsp\delay;.\Bsp\time;.\Bsp\iic;.\App\wifi;.\Bsp\uart;.\App\display;.\App\button;.\App\light_control;.
                    -\Bsp\adc;.\Bsp\eeprom;.\Bsp\disp_i2c\include;.\Bsp\tm1650\include;.\Bsp\tm1637\include;.\Bsp\pcf8576c\include) DEBUG OBJ
                    -ECTEXTEND PRINT(.\Listings\pcf8576c.lst) TABS(2) OBJECT(.\Objects\pcf8576c.obj)

line level    source

   1          /*
   2           * pcf8576c.c
   3           *
   4           *  Created on: 2022年4月21日
   5           *      Author: mastergong
   6           */
   7          
   8          
   9          
  10          #include "pcf8576c.h"
  11          
  12          
  13          
  14          ///*********************************
  15          //函数名称：lcd_pcf8576_on
  16          //功能：LCD开启显示
  17          //输入：无
  18          //输出：无
  19          //备注：
  20          //*********************************/
  21          //void lcd_pcf8576_on(void)
  22          //{
  23          //    LCD_WRITE_CMD(LCD_ADDR, LCD_Set_Mode|LCD_Set_Mode_E|LCD_NEXT_CMD);
  24          //}
  25          
  26          ///*********************************
  27          //函数名称：lcd_pcf8576_off
  28          //功能：LCD关闭显示
  29          //输入：无
  30          //输出：无
  31          //备注：
  32          //*********************************/
  33          //void lcd_pcf8576_off(void)
  34          //{
  35          //    LCD_WRITE_CMD(LCD_ADDR, LCD_Set_Mode|LCD_NEXT_CMD);
  36          //}
  37          
  38          /*********************************
  39          函数名称：pcf8576_init
  40          功能：LCD初始化
  41          输入：无
  42          输出：无
  43          备注：
  44          *********************************/
  45          void lcd_pcf8576_init(void)
  46          {
  47   1          uint8_t i;
  48   1          for(i=1;i<9;i++){
  49   2              LCD_WRITE_CMD(LCD_ADDR, LCD_Select_Device|0|LCD_NEXT_CMD,i);         //选择设备地址
  50   2              LCD_WRITE_CMD(LCD_ADDR, LCD_Set_Mode|LCD_Set_Mode_E|LCD_NEXT_CMD,i); //设置模式
  51   2          }
  52   1          
C51 COMPILER V9.60.0.0   PCF8576C                                                          06/22/2022 17:23:22 PAGE 2   

  53   1      }
  54          
  55          
  56          


MODULE INFORMATION:   STATIC OVERLAYABLE
   CODE SIZE        =     37    ----
   CONSTANT SIZE    =   ----    ----
   XDATA SIZE       =   ----    ----
   PDATA SIZE       =   ----    ----
   DATA SIZE        =   ----       1
   IDATA SIZE       =   ----    ----
   BIT SIZE         =   ----    ----
END OF MODULE INFORMATION.


C51 COMPILATION COMPLETE.  0 WARNING(S),  0 ERROR(S)
